2025-01-23 08:50:28,999 - asterisk - INFO - Agent information fetched successfully: [{'Name': 'Local/7262003@from-queue/n', 'Queue': '1726201', 'Status': '5', 'Paused': '0', 'PausedReason': '', 'Hint': '7262003'}]
2025-01-23 08:53:27,977 - asterisk - INFO - Manage queue member response: <Message ActionID='action/55f80c00-7078-40a5-b3eb-0a8590611c7a/1/2' Message='Unable to remove interface: Not there' Response='Error' content=''>
2025-01-23 08:53:58,325 - asterisk - INFO - Manage queue member response: <Message ActionID='action/55f80c00-7078-40a5-b3eb-0a8590611c7a/1/4' Message='Removed interface from queue' Response='Success' content=''>
2025-01-23 08:54:21,547 - asterisk - INFO - Agent information fetched successfully: [{'Name': 'Local/7262001@from-queue/n', 'Queue': '1726201', 'Status': '5', 'Paused': '0', 'PausedReason': '', 'Hint': '7262001'}]
2025-01-23 08:58:30,220 - asterisk - INFO - Agent information fetched successfully: [{'Name': 'Local/7262001@from-queue/n', 'Queue': '1726201', 'Status': '5', 'Paused': '0', 'PausedReason': '', 'Hint': '7262001'}, {'Name': 'titan', 'Queue': '1726200', 'Status': '5', 'Paused': '0', 'PausedReason': '', 'Hint': '7262002'}, {'Name': 'fmorar', 'Queue': '1726200', 'Status': '1', 'Paused': '0', 'PausedReason': '', 'Hint': '7262003'}]
2025-01-23 08:59:32,324 - asterisk - INFO - Manage queue member response: <Message ActionID='action/6e6f1c12-74a7-4b22-97c6-663f0549ca8d/1/4' Message='Removed interface from queue' Response='Success' content=''>
2025-01-23 08:59:32,406 - asterisk - INFO - Manage queue member response: <Message ActionID='action/6e6f1c12-74a7-4b22-97c6-663f0549ca8d/1/6' Message='Unable to remove interface: Not there' Response='Error' content=''>
2025-01-23 08:59:32,524 - asterisk - INFO - Manage queue member response: <Message ActionID='action/6e6f1c12-74a7-4b22-97c6-663f0549ca8d/1/8' Message='Removed interface from queue' Response='Success' content=''>
2025-01-23 08:59:35,332 - asterisk - INFO - Agent information fetched successfully: [{'Name': 'Local/7262001@from-queue/n', 'Queue': '1726201', 'Status': '5', 'Paused': '0', 'PausedReason': '', 'Hint': '7262001'}]
2025-01-23 08:59:53,655 - asterisk - INFO - Manage queue member response: <Message ActionID='action/6e6f1c12-74a7-4b22-97c6-663f0549ca8d/1/12' Message='Unable to remove interface: Not there' Response='Error' content=''>
2025-01-23 08:59:53,710 - asterisk - INFO - Manage queue member response: <Message ActionID='action/6e6f1c12-74a7-4b22-97c6-663f0549ca8d/1/14' Message='Removed interface from queue' Response='Success' content=''>
2025-01-23 08:59:53,763 - asterisk - INFO - Manage queue member response: <Message ActionID='action/6e6f1c12-74a7-4b22-97c6-663f0549ca8d/1/16' Message='Unable to remove interface: Not there' Response='Error' content=''>
2025-01-23 08:59:56,463 - asterisk - INFO - Agent information fetched successfully: []
2025-01-23 09:03:38,535 - asterisk - INFO - Agent information fetched successfully: [{'Name': 'Local/7262003@from-queue/n', 'Queue': '1726201', 'Status': '1', 'Paused': '0', 'PausedReason': '', 'Hint': '7262003'}]
2025-01-23 09:03:47,345 - asterisk - INFO - Agent information fetched successfully: [{'Name': 'Local/7262003@from-queue/n', 'Queue': '1726201', 'Status': '1', 'Paused': '0', 'PausedReason': '', 'Hint': '7262003'}]
2025-01-23 09:03:50,104 - asterisk - INFO - Agent information fetched successfully: [{'Name': 'Local/7262003@from-queue/n', 'Queue': '1726201', 'Status': '1', 'Paused': '0', 'PausedReason': '', 'Hint': '7262003'}]
2025-01-23 09:04:15,237 - asterisk - INFO - Manage queue member response: <Message ActionID='action/ccb0b1aa-23df-426d-9f21-de38f642e013/1/8' Message='Removed interface from queue' Response='Success' content=''>
2025-01-23 09:04:15,304 - asterisk - INFO - Manage queue member response: <Message ActionID='action/ccb0b1aa-23df-426d-9f21-de38f642e013/1/10' Message='Unable to remove interface: Not there' Response='Error' content=''>
2025-01-23 09:04:15,385 - asterisk - INFO - Manage queue member response: <Message ActionID='action/ccb0b1aa-23df-426d-9f21-de38f642e013/1/12' Message='Unable to remove interface: Not there' Response='Error' content=''>
2025-01-23 09:04:29,460 - asterisk - INFO - Agent information fetched successfully: []
2025-01-23 09:08:31,238 - asterisk - INFO - Manage queue member response: <Message ActionID='action/21ce1bb1-7a9a-408c-afe6-be1299e05cfd/1/2' Message='Unable to add interface: Already there' Response='Error' content=''>
2025-01-23 09:08:45,319 - asterisk - INFO - Agent information fetched successfully: [{'Name': 'Local/7262003@from-queue/n', 'Queue': '1726201', 'Status': '1', 'Paused': '0', 'PausedReason': '', 'Hint': '7262003'}]
2025-01-23 09:14:26,102 - asterisk - INFO - Agent information fetched successfully: [{'Name': 'Local/7262003@from-queue/n', 'Queue': '1726201', 'Status': '1', 'Paused': '0', 'PausedReason': '', 'Hint': '7262003'}, {'Name': 'Local/7262001@from-queue/n', 'Queue': '1726201', 'Status': '5', 'Paused': '0', 'PausedReason': '', 'Hint': '7262001'}]
2025-01-23 09:14:44,441 - asterisk - INFO - Manage queue member response: <Message ActionID='action/46bcd1fe-24e5-4b1e-84d9-094bf3f0f784/1/4' Message='Unable to add interface: Already there' Response='Error' content=''>
2025-01-23 09:14:51,038 - asterisk - INFO - Agent information fetched successfully: [{'Name': 'Local/7262003@from-queue/n', 'Queue': '1726201', 'Status': '1', 'Paused': '0', 'PausedReason': '', 'Hint': '7262003'}, {'Name': 'Local/7262001@from-queue/n', 'Queue': '1726201', 'Status': '5', 'Paused': '0', 'PausedReason': '', 'Hint': '7262001'}]
2025-01-23 09:15:27,027 - asterisk - INFO - Agent information fetched successfully: [{'Name': 'Local/7262003@from-queue/n', 'Queue': '1726201', 'Status': '1', 'Paused': '0', 'PausedReason': '', 'Hint': '7262003'}, {'Name': 'Local/7262001@from-queue/n', 'Queue': '1726201', 'Status': '5', 'Paused': '0', 'PausedReason': '', 'Hint': '7262001'}, {'Name': 'Local/7262002@from-queue/n', 'Queue': '1726201', 'Status': '5', 'Paused': '0', 'PausedReason': '', 'Hint': '7262002'}]
2025-01-23 09:17:40,453 - asterisk - INFO - Manage queue member response: <Message ActionID='action/447a0285-9cbe-46b4-bb7d-e618f5333e9a/1/2' Message='Unable to add interface: Already there' Response='Error' content=''>
2025-01-23 09:18:04,338 - asterisk - INFO - Agent information fetched successfully: [{'Name': 'Local/7262003@from-queue/n', 'Queue': '1726201', 'Status': '1', 'Paused': '0', 'PausedReason': '', 'Hint': '7262003'}, {'Name': 'Local/7262001@from-queue/n', 'Queue': '1726201', 'Status': '5', 'Paused': '0', 'PausedReason': '', 'Hint': '7262001'}, {'Name': 'Local/7262002@from-queue/n', 'Queue': '1726201', 'Status': '5', 'Paused': '0', 'PausedReason': '', 'Hint': '7262002'}]
2025-01-23 09:18:36,928 - asterisk - INFO - Agent information fetched successfully: [{'Name': 'Local/7262003@from-queue/n', 'Queue': '1726201', 'Status': '1', 'Paused': '0', 'PausedReason': '', 'Hint': '7262003'}, {'Name': 'Local/7262001@from-queue/n', 'Queue': '1726201', 'Status': '5', 'Paused': '0', 'PausedReason': '', 'Hint': '7262001'}, {'Name': 'Local/7262002@from-queue/n', 'Queue': '1726201', 'Status': '5', 'Paused': '0', 'PausedReason': '', 'Hint': '7262002'}]
2025-01-23 09:18:50,222 - asterisk - INFO - Agent information fetched successfully: [{'Name': 'Local/7262003@from-queue/n', 'Queue': '1726201', 'Status': '1', 'Paused': '0', 'PausedReason': '', 'Hint': '7262003'}, {'Name': 'Local/7262001@from-queue/n', 'Queue': '1726201', 'Status': '5', 'Paused': '0', 'PausedReason': '', 'Hint': '7262001'}, {'Name': 'Local/7262002@from-queue/n', 'Queue': '1726201', 'Status': '5', 'Paused': '0', 'PausedReason': '', 'Hint': '7262002'}]
2025-01-23 10:31:25,436 - asterisk - INFO - Agent information fetched successfully: [{'Name': 'Local/7262003@from-queue/n', 'Queue': '1726201', 'Status': '1', 'Paused': '0', 'PausedReason': '', 'Hint': '7262003'}, {'Name': 'Local/7262001@from-queue/n', 'Queue': '1726201', 'Status': '5', 'Paused': '0', 'PausedReason': '', 'Hint': '7262001'}]
2025-01-23 10:31:30,313 - asterisk - INFO - Agent information fetched successfully: [{'Name': 'Local/7262003@from-queue/n', 'Queue': '1726201', 'Status': '1', 'Paused': '0', 'PausedReason': '', 'Hint': '7262003'}, {'Name': 'Local/7262001@from-queue/n', 'Queue': '1726201', 'Status': '5', 'Paused': '0', 'PausedReason': '', 'Hint': '7262001'}]
2025-01-23 10:32:42,013 - asterisk - INFO - Agent information fetched successfully: [{'Name': 'Local/7262003@from-queue/n', 'Queue': '1726201', 'Status': '1', 'Paused': '0', 'PausedReason': '', 'Hint': '7262003'}, {'Name': 'Local/7262001@from-queue/n', 'Queue': '1726201', 'Status': '5', 'Paused': '0', 'PausedReason': '', 'Hint': '7262001'}]
2025-01-24 15:57:12,906 - asterisk - INFO - Agent information fetched successfully: [{'Name': 'Local/7262003@from-queue/n', 'Queue': '1726201', 'Status': '1', 'Paused': '0', 'PausedReason': '', 'Hint': '7262003'}, {'Name': 'Local/7262001@from-queue/n', 'Queue': '1726201', 'Status': '5', 'Paused': '0', 'PausedReason': '', 'Hint': '7262001'}]
2025-01-24 15:57:15,759 - asterisk - INFO - Agent information fetched successfully: [{'Name': 'Local/7262003@from-queue/n', 'Queue': '1726201', 'Status': '1', 'Paused': '0', 'PausedReason': '', 'Hint': '7262003'}, {'Name': 'Local/7262001@from-queue/n', 'Queue': '1726201', 'Status': '5', 'Paused': '0', 'PausedReason': '', 'Hint': '7262001'}]
2025-01-30 10:49:18,848 - asterisk - INFO - Manage queue member response: <Message ActionID='action/fe0d5766-33f5-4ba7-bb7a-971ec666350e/1/2' Message='Unable to add interface to queue: No such queue' Response='Error' content=''>
2025-01-30 10:49:18,942 - asterisk - INFO - Manage queue member response: <Message ActionID='action/fe0d5766-33f5-4ba7-bb7a-971ec666350e/1/4' Message='Unable to add interface to queue: No such queue' Response='Error' content=''>
2025-01-30 10:49:19,059 - asterisk - INFO - Manage queue member response: <Message ActionID='action/fe0d5766-33f5-4ba7-bb7a-971ec666350e/1/6' Message='Unable to add interface to queue: No such queue' Response='Error' content=''>
2025-01-30 10:49:19,127 - asterisk - INFO - Manage queue member response: <Message ActionID='action/fe0d5766-33f5-4ba7-bb7a-971ec666350e/1/8' Message='Unable to add interface to queue: No such queue' Response='Error' content=''>
2025-01-30 10:49:19,204 - asterisk - INFO - Manage queue member response: <Message ActionID='action/fe0d5766-33f5-4ba7-bb7a-971ec666350e/1/10' Message='Unable to add interface to queue: No such queue' Response='Error' content=''>
2025-01-30 10:49:19,278 - asterisk - INFO - Manage queue member response: <Message ActionID='action/fe0d5766-33f5-4ba7-bb7a-971ec666350e/1/12' Message='Unable to add interface to queue: No such queue' Response='Error' content=''>
2025-01-30 10:49:30,208 - asterisk - INFO - Agent information fetched successfully: [{'Name': 'Local/7262003@from-queue/n', 'Queue': '1726201', 'Status': '5', 'Paused': '0', 'PausedReason': '', 'Hint': '7262003'}, {'Name': 'Local/7262001@from-queue/n', 'Queue': '1726201', 'Status': '5', 'Paused': '0', 'PausedReason': '', 'Hint': '7262001'}, {'Name': 'titan', 'Queue': '1726201', 'Status': '5', 'Paused': '0', 'PausedReason': '', 'Hint': '7262002'}]
2025-01-30 10:51:10,686 - asterisk - INFO - Agent information fetched successfully: [{'Name': 'Local/7262003@from-queue/n', 'Queue': '1726201', 'Status': '5', 'Paused': '0', 'PausedReason': '', 'Hint': '7262003'}, {'Name': 'Local/7262001@from-queue/n', 'Queue': '1726201', 'Status': '5', 'Paused': '0', 'PausedReason': '', 'Hint': '7262001'}, {'Name': 'titan', 'Queue': '1726201', 'Status': '5', 'Paused': '0', 'PausedReason': '', 'Hint': '7262002'}]
2025-01-30 10:51:11,912 - asterisk - INFO - Agent information fetched successfully: [{'Name': 'Local/7262003@from-queue/n', 'Queue': '1726201', 'Status': '5', 'Paused': '0', 'PausedReason': '', 'Hint': '7262003'}, {'Name': 'Local/7262001@from-queue/n', 'Queue': '1726201', 'Status': '5', 'Paused': '0', 'PausedReason': '', 'Hint': '7262001'}, {'Name': 'titan', 'Queue': '1726201', 'Status': '5', 'Paused': '0', 'PausedReason': '', 'Hint': '7262002'}]
2025-01-30 10:51:14,908 - asterisk - INFO - Agent information fetched successfully: [{'Name': 'Local/7262003@from-queue/n', 'Queue': '1726201', 'Status': '5', 'Paused': '0', 'PausedReason': '', 'Hint': '7262003'}, {'Name': 'Local/7262001@from-queue/n', 'Queue': '1726201', 'Status': '5', 'Paused': '0', 'PausedReason': '', 'Hint': '7262001'}, {'Name': 'titan', 'Queue': '1726201', 'Status': '5', 'Paused': '0', 'PausedReason': '', 'Hint': '7262002'}]
2025-01-30 10:51:40,766 - asterisk - INFO - Manage queue member response: <Message ActionID='action/fe0d5766-33f5-4ba7-bb7a-971ec666350e/1/22' Message='Unable to remove interface: Not there' Response='Error' content=''>
2025-01-30 10:51:40,830 - asterisk - INFO - Manage queue member response: <Message ActionID='action/fe0d5766-33f5-4ba7-bb7a-971ec666350e/1/24' Message='Unable to remove interface: Not there' Response='Error' content=''>
2025-01-30 10:51:40,877 - asterisk - INFO - Manage queue member response: <Message ActionID='action/fe0d5766-33f5-4ba7-bb7a-971ec666350e/1/26' Message='Unable to remove interface: Not there' Response='Error' content=''>
2025-01-30 10:51:40,931 - asterisk - INFO - Manage queue member response: <Message ActionID='action/fe0d5766-33f5-4ba7-bb7a-971ec666350e/1/28' Message='Unable to remove interface: Not there' Response='Error' content=''>
2025-01-30 10:51:40,970 - asterisk - INFO - Manage queue member response: <Message ActionID='action/fe0d5766-33f5-4ba7-bb7a-971ec666350e/1/30' Message='Unable to remove interface: Not there' Response='Error' content=''>
2025-01-30 10:51:41,017 - asterisk - INFO - Manage queue member response: <Message ActionID='action/fe0d5766-33f5-4ba7-bb7a-971ec666350e/1/32' Message='Unable to remove interface: Not there' Response='Error' content=''>
2025-01-30 10:52:01,914 - asterisk - INFO - Agent information fetched successfully: [{'Name': 'Local/7262003@from-queue/n', 'Queue': '1726201', 'Status': '5', 'Paused': '0', 'PausedReason': '', 'Hint': '7262003'}, {'Name': 'Local/7262001@from-queue/n', 'Queue': '1726201', 'Status': '5', 'Paused': '0', 'PausedReason': '', 'Hint': '7262001'}, {'Name': 'titan', 'Queue': '1726201', 'Status': '5', 'Paused': '0', 'PausedReason': '', 'Hint': '7262002'}]
